<?xml version="1.0" encoding="UTF-8"?>
<testng-results ignored="0" total="0" passed="0" failed="0" skipped="0">
  <reporter-output>
  </reporter-output>
  <suite started-at="2024-02-08T23:30:40 IST" name="Surefire suite" finished-at="2024-02-08T23:30:40 IST" duration-ms="50">
    <groups>
    </groups>
    <test started-at="2024-02-08T23:30:40 IST" name="Surefire test" finished-at="2024-02-08T23:30:40 IST" duration-ms="50">
      <class name="com.qa.site.base.baseTest">
        <test-method is-config="true" signature="setup()[pri:0, instance:com.qa.site.base.baseTest@3c73951]" started-at="2024-02-08T23:30:40 IST" name="setup" finished-at="2024-02-08T23:30:40 IST" duration-ms="25" status="PASS">
          <reporter-output>
          </reporter-output>
        </test-method> <!-- setup -->
      </class> <!-- com.qa.site.base.baseTest -->
    </test> <!-- Surefire test -->
  </suite> <!-- Surefire suite -->
</testng-results>
